\i sql/include/test_setup.sql
--
-- test_setup.sql
--
-- Common setup for regression tests that need to be self-contained.
-- This script creates the extension, a user role, and grants permissions.
--
SET datestyle = 'ISO, YMD';
CREATE EXTENSION IF NOT EXISTS btree_gist;
CREATE EXTENSION IF NOT EXISTS sql_saga CASCADE;
DO $$
BEGIN
    CREATE ROLE sql_saga_unprivileged_user;
EXCEPTION WHEN duplicate_object THEN
END
$$;
GRANT USAGE ON SCHEMA sql_saga TO sql_saga_unprivileged_user;
GRANT SELECT ON ALL TABLES IN SCHEMA sql_saga TO sql_saga_unprivileged_user;
GRANT EXECUTE ON ALL FUNCTIONS IN SCHEMA sql_saga TO sql_saga_unprivileged_user;
/*
 * Allow the unprivileged user to create tables in the public schema.
 * This is required for tests that create their own tables.
 * PG 15+ restricts this by default.
 */
GRANT CREATE ON SCHEMA public TO PUBLIC;
BEGIN;
SET ROLE TO sql_saga_unprivileged_user;
\i sql/support/shifts_houses_rooms_tables.sql
--
-- Creates the shifts, houses, and rooms tables used by many legacy tests.
--
CREATE TABLE shifts (
  job_id INTEGER,
  worker_id INTEGER,
  valid_range DATERANGE,
  valid_from DATE,
  valid_until DATE
);
CREATE TABLE houses (
  id INTEGER,
  assessment FLOAT,
  valid_range DATERANGE,
  valid_from DATE,
  valid_until DATE
);
CREATE TABLE rooms (
  id INTEGER,
  house_id INTEGER,
  valid_range DATERANGE,
  valid_from DATE,
  valid_until DATE
);
\i sql/support/shifts_houses_rooms_enable_saga.sql
--
-- Activates sql_saga for the shifts, houses, and rooms tables.
-- This was formerly the enable_sql_saga_for_shifts_houses_and_rooms() function.
--
SELECT sql_saga.add_era(table_oid => 'shifts', range_column_name => 'valid_range');
psql:sql/support/shifts_houses_rooms_enable_saga.sql:5: NOTICE:  sql_saga: Created trigger "shifts_synchronize_temporal_columns_trigger" on table shifts to synchronize columns: valid_from, valid_until
psql:sql/support/shifts_houses_rooms_enable_saga.sql:5: NOTICE:  sql_saga: Created GIST index "shifts_valid_range_gist_idx" on column public.shifts.valid_range for temporal_merge performance
 add_era 
---------
 t
(1 row)

SELECT sql_saga.add_unique_key(table_oid => 'shifts', column_names => ARRAY['job_id','worker_id'], era_name => 'valid', key_type => 'natural');
psql:sql/support/shifts_houses_rooms_enable_saga.sql:6: NOTICE:  sql_saga: Added constraints to table shifts: ADD CONSTRAINT shifts_job_id_worker_id_valid_uniq UNIQUE (job_id, worker_id, valid_range WITHOUT OVERLAPS)
        add_unique_key         
-------------------------------
 shifts_job_id_worker_id_valid
(1 row)

SELECT sql_saga.add_era(table_oid => 'houses', range_column_name => 'valid_range', era_name => 'valid', add_bounds_check := false);
psql:sql/support/shifts_houses_rooms_enable_saga.sql:8: NOTICE:  sql_saga: Created trigger "houses_synchronize_temporal_columns_trigger" on table houses to synchronize columns: valid_from, valid_until
psql:sql/support/shifts_houses_rooms_enable_saga.sql:8: NOTICE:  sql_saga: Created GIST index "houses_valid_range_gist_idx" on column public.houses.valid_range for temporal_merge performance
 add_era 
---------
 t
(1 row)

SELECT sql_saga.add_unique_key(table_oid => 'houses', column_names => ARRAY['id'], era_name => 'valid', key_type => 'natural');
psql:sql/support/shifts_houses_rooms_enable_saga.sql:9: NOTICE:  sql_saga: Added constraints to table houses: ADD CONSTRAINT houses_id_valid_uniq UNIQUE (id, valid_range WITHOUT OVERLAPS)
 add_unique_key  
-----------------
 houses_id_valid
(1 row)

SELECT sql_saga.add_era(table_oid => 'rooms', range_column_name => 'valid_range', add_bounds_check := false);
psql:sql/support/shifts_houses_rooms_enable_saga.sql:11: NOTICE:  sql_saga: Created trigger "rooms_synchronize_temporal_columns_trigger" on table rooms to synchronize columns: valid_from, valid_until
psql:sql/support/shifts_houses_rooms_enable_saga.sql:11: NOTICE:  sql_saga: Created GIST index "rooms_valid_range_gist_idx" on column public.rooms.valid_range for temporal_merge performance
 add_era 
---------
 t
(1 row)

SELECT sql_saga.add_unique_key(table_oid => 'rooms', column_names => ARRAY['id'], era_name => 'valid', key_type => 'natural');
psql:sql/support/shifts_houses_rooms_enable_saga.sql:12: NOTICE:  sql_saga: Added constraints to table rooms: ADD CONSTRAINT rooms_id_valid_uniq UNIQUE (id, valid_range WITHOUT OVERLAPS)
 add_unique_key 
----------------
 rooms_id_valid
(1 row)

SELECT sql_saga.add_temporal_foreign_key(
    fk_table_oid => 'rooms',
    fk_column_names => ARRAY['house_id'],
    fk_era_name => 'valid',
    unique_key_name => 'houses_id_valid'
);
psql:sql/support/shifts_houses_rooms_enable_saga.sql:18: NOTICE:  sql_saga: No compatible index found for foreign key on table rooms. Creating new index: CREATE INDEX rooms_house_id_valid_gist_idx ON rooms USING GIST (house_id, valid_range)
 add_temporal_foreign_key 
--------------------------
 rooms_house_id_valid
(1 row)

\i sql/support/houses_data.sql
--
-- Inserts a common dataset into the `houses` table, used by tests
-- 24, 25, 26, 27.
--
INSERT INTO houses (id, assessment, valid_from, valid_until) VALUES
  (1, 150000, '2015-01-01'::DATE, '2016-01-01'::DATE),
  (1, 200000, '2016-01-01'::DATE, '2017-01-01'::DATE),
  (2, 300000, '2015-01-01'::DATE, '2016-01-01'::DATE),
  (3, 100000, '2014-01-01'::DATE, '2015-01-01'::DATE),
  (3, 200000, '2015-01-01'::DATE, 'infinity'::DATE),
  (4, 200000, '-infinity'::DATE, '2014-01-01'::DATE)
;
SAVEPOINT s;
-- You can update an fk id to NULL
INSERT INTO rooms (id, house_id, valid_range) VALUES (1, 1, '[2015-01-01,2015-06-01)');
UPDATE rooms SET house_id = NULL;
ROLLBACK TO SAVEPOINT s;
-- You can update the range when the fk is NULL
INSERT INTO rooms (id, house_id, valid_range) VALUES (1, NULL, '[2015-01-01,2015-06-01)');
UPDATE rooms SET valid_range = '[1999-01-01,2000-01-01)';
ROLLBACK TO SAVEPOINT s;
-- You can update a finite fk exactly covered by one row
INSERT INTO rooms (id, house_id, valid_range) VALUES (1, 1, '[2015-01-01,2015-02-01)');
UPDATE rooms SET valid_range = '[2015-01-01,2016-01-01)';
ROLLBACK TO SAVEPOINT s;
-- You can update a finite fk more than covered by one row
INSERT INTO rooms (id, house_id, valid_range) VALUES (1, 1, '[2015-01-01,2015-02-01)');
UPDATE rooms SET valid_range = '[2015-01-01,2015-06-01)';
ROLLBACK TO SAVEPOINT s;
-- You can update a finite fk exactly covered by two rows
INSERT INTO rooms (id, house_id, valid_range) VALUES (1, 1, '[2015-01-01,2015-02-01)');
UPDATE rooms SET valid_range = '[2015-01-01,2017-01-01)';
ROLLBACK TO SAVEPOINT s;
-- You can update a finite fk more than covered by two rows
INSERT INTO rooms (id, house_id, valid_range) VALUES (1, 1, '[2015-01-01,2015-02-01)');
UPDATE rooms SET valid_range = '[2015-01-01,2016-06-01)';
ROLLBACK TO SAVEPOINT s;
-- You can't update a finite fk id not covered by any row
INSERT INTO rooms (id, house_id, valid_range) VALUES (1, 1, '[2015-01-01,2015-02-01)');
UPDATE rooms SET house_id = 7;
ERROR:  insert or update on table "rooms" violates foreign key constraint "rooms_house_id_valid"
DETAIL:  Key (house_id, valid_range)=(7, [2015-01-01,2015-02-01)) is not present in table "houses".
ROLLBACK TO SAVEPOINT s;
-- You can't update a finite fk range not covered by any row
INSERT INTO rooms (id, house_id, valid_range) VALUES (1, 1, '[2015-01-01,2015-02-01)');
UPDATE rooms SET valid_range = '[1999-01-01,2000-01-01)';
ERROR:  insert or update on table "rooms" violates foreign key constraint "rooms_house_id_valid"
DETAIL:  Key (house_id, valid_range)=(1, [1999-01-01,2000-01-01)) is not present in table "houses".
ROLLBACK TO SAVEPOINT s;
-- You can't update a finite fk partially covered by one row
INSERT INTO rooms (id, house_id, valid_range) VALUES (1, 1, '[2015-01-01,2015-02-01)');
UPDATE rooms SET valid_range = '[2014-01-01,2015-06-01)';
ERROR:  insert or update on table "rooms" violates foreign key constraint "rooms_house_id_valid"
DETAIL:  Key (house_id, valid_range)=(1, [2014-01-01,2015-06-01)) is not present in table "houses".
ROLLBACK TO SAVEPOINT s;
-- You can't update a finite fk partially covered by two rows
INSERT INTO rooms (id, house_id, valid_range) VALUES (1, 1, '[2015-01-01,2015-02-01)');
UPDATE rooms SET valid_range = '[2014-01-01,2016-06-01)';
ERROR:  insert or update on table "rooms" violates foreign key constraint "rooms_house_id_valid"
DETAIL:  Key (house_id, valid_range)=(1, [2014-01-01,2016-06-01)) is not present in table "houses".
ROLLBACK TO SAVEPOINT s;
-- You can update an infinite fk exactly covered by one row
INSERT INTO rooms (id, house_id, valid_range) VALUES (1, 3, '[2015-01-01,2015-02-01)');
UPDATE rooms SET valid_range = '[2015-01-01,infinity)';
ROLLBACK TO SAVEPOINT s;
-- You can update an infinite fk more than covered by one row
INSERT INTO rooms (id, house_id, valid_range) VALUES (1, 3, '[2015-01-01,2015-02-01)');
UPDATE rooms SET valid_range = '[2016-01-01,infinity)';
ROLLBACK TO SAVEPOINT s;
-- You can update an infinite fk exactly covered by two rows
INSERT INTO rooms (id, house_id, valid_range) VALUES (1, 3, '[2015-01-01,2015-02-01)');
UPDATE rooms SET valid_range = '[2014-01-01,infinity)';
ROLLBACK TO SAVEPOINT s;
-- You can update an infinite fk more than covered by two rows
INSERT INTO rooms (id, house_id, valid_range) VALUES (1, 3, '[2015-01-01,2015-02-01)');
UPDATE rooms SET valid_range = '[2014-06-01,infinity)';
ROLLBACK TO SAVEPOINT s;
-- You can't update an infinite fk id not covered by any row
INSERT INTO rooms (id, house_id, valid_range) VALUES (1, 3, '[2015-01-01,2015-02-01)');
UPDATE rooms SET house_id = 7;
ERROR:  insert or update on table "rooms" violates foreign key constraint "rooms_house_id_valid"
DETAIL:  Key (house_id, valid_range)=(7, [2015-01-01,2015-02-01)) is not present in table "houses".
ROLLBACK TO SAVEPOINT s;
-- You can't update an infinite fk range not covered by any row
INSERT INTO rooms (id, house_id, valid_range) VALUES (1, 1, '[2015-01-01,2015-02-01)');
UPDATE rooms SET valid_range = '[2020-01-01,infinity)';
ERROR:  insert or update on table "rooms" violates foreign key constraint "rooms_house_id_valid"
DETAIL:  Key (house_id, valid_range)=(1, [2020-01-01,infinity)) is not present in table "houses".
ROLLBACK TO SAVEPOINT s;
-- You can't update an infinite fk partially covered by one row
INSERT INTO rooms (id, house_id, valid_range) VALUES (1, 4, '[-infinity,2012-01-01)');
UPDATE rooms SET valid_range = '[-infinity,2020-01-01)';
ERROR:  insert or update on table "rooms" violates foreign key constraint "rooms_house_id_valid"
DETAIL:  Key (house_id, valid_range)=(4, [-infinity,2020-01-01)) is not present in table "houses".
ROLLBACK TO SAVEPOINT s;
-- You can't update an infinite fk partially covered by two rows
INSERT INTO rooms (id, house_id, valid_range) VALUES (1, 3, '[2015-01-01,2015-02-01)');
UPDATE rooms SET valid_range = '[1990-01-01,infinity)';
ERROR:  insert or update on table "rooms" violates foreign key constraint "rooms_house_id_valid"
DETAIL:  Key (house_id, valid_range)=(3, [1990-01-01,infinity)) is not present in table "houses".
ROLLBACK TO SAVEPOINT s;
ROLLBACK;
\i sql/include/test_teardown.sql
--
-- test_teardown.sql
--
-- Common teardown for regression tests. This script drops the unprivileged
-- user role created by test_setup.sql.
--
-- It is important to reset the role first, in case a test fails and
-- leaves the session role set to the user that is about to be dropped.
RESET ROLE;
-- Drop the extensions to ensure a clean state for the next test.
-- Use CASCADE to remove any dependent objects created by sql_saga.
DROP EXTENSION IF EXISTS sql_saga CASCADE;
DROP EXTENSION IF EXISTS btree_gist CASCADE;
-- Revoke any privileges held by the test user and drop any objects they own.
-- This is necessary before the role can be dropped.
DROP OWNED BY sql_saga_unprivileged_user;
DROP ROLE IF EXISTS sql_saga_unprivileged_user;
