\i sql/include/test_setup.sql
--
-- test_setup.sql
--
-- Common setup for regression tests that need to be self-contained.
-- This script creates the extension, a user role, and grants permissions.
--
SET datestyle = 'ISO, YMD';
CREATE EXTENSION IF NOT EXISTS btree_gist;
CREATE EXTENSION IF NOT EXISTS sql_saga CASCADE;
DO $$
BEGIN
    CREATE ROLE sql_saga_unprivileged_user;
EXCEPTION WHEN duplicate_object THEN
END
$$;
GRANT USAGE ON SCHEMA sql_saga TO sql_saga_unprivileged_user;
GRANT SELECT ON ALL TABLES IN SCHEMA sql_saga TO sql_saga_unprivileged_user;
GRANT EXECUTE ON ALL FUNCTIONS IN SCHEMA sql_saga TO sql_saga_unprivileged_user;
/*
 * Allow the unprivileged user to create tables in the public schema.
 * This is required for tests that create their own tables.
 * PG 15+ restricts this by default.
 */
GRANT CREATE ON SCHEMA public TO PUBLIC;
BEGIN;
-- Use a blank search path, so every table must
-- be prefixed with a schema
SELECT pg_catalog.set_config('search_path', '', false);
 set_config 
------------
 
(1 row)

CREATE SCHEMA exposed;
CREATE SCHEMA hidden;
CREATE TABLE exposed.employees (
  id INTEGER,
  valid_range daterange NOT NULL,
  valid_from date,
  valid_to date,
  valid_until date,
  name varchar NOT NULL,
  role varchar NOT NULL
);
CREATE TABLE hidden.staff (
  id INTEGER,
  valid_range daterange NOT NULL,
  valid_from date,
  valid_to date,
  valid_until date,
  salary FLOAT,
  employee_id INTEGER
);
-- Before using sql_saga
\d exposed.employees
                    Table "exposed.employees"
   Column    |       Type        | Collation | Nullable | Default 
-------------+-------------------+-----------+----------+---------
 id          | integer           |           |          | 
 valid_range | daterange         |           | not null | 
 valid_from  | date              |           |          | 
 valid_to    | date              |           |          | 
 valid_until | date              |           |          | 
 name        | character varying |           | not null | 
 role        | character varying |           | not null | 

\d hidden.staff
                      Table "hidden.staff"
   Column    |       Type       | Collation | Nullable | Default 
-------------+------------------+-----------+----------+---------
 id          | integer          |           |          | 
 valid_range | daterange        |           | not null | 
 valid_from  | date             |           |          | 
 valid_to    | date             |           |          | 
 valid_until | date             |           |          | 
 salary      | double precision |           |          | 
 employee_id | integer          |           |          | 

-- Verify that enable and disable each work correctly.
SELECT sql_saga.add_era('exposed.employees', 'valid_range', 'valid',
    valid_from_column_name => 'valid_from',
    valid_until_column_name => 'valid_until',
    valid_to_column_name => 'valid_to');
NOTICE:  sql_saga: Created trigger "employees_synchronize_temporal_columns_trigger" on table exposed.employees to synchronize columns: valid_to, valid_from, valid_until
NOTICE:  sql_saga: Created GIST index "employees_valid_range_gist_idx" on column exposed.employees.valid_range for temporal_merge performance
 add_era 
---------
 t
(1 row)

ALTER TABLE exposed.employees ADD PRIMARY KEY (id, valid_range WITHOUT OVERLAPS);
SELECT sql_saga.add_era('hidden.staff', 'valid_range', 'valid',
    valid_from_column_name => 'valid_from',
    valid_until_column_name => 'valid_until',
    valid_to_column_name => 'valid_to');
NOTICE:  sql_saga: Created trigger "staff_synchronize_temporal_columns_trigger" on table hidden.staff to synchronize columns: valid_to, valid_from, valid_until
NOTICE:  sql_saga: Created GIST index "staff_valid_range_gist_idx" on column hidden.staff.valid_range for temporal_merge performance
 add_era 
---------
 t
(1 row)

ALTER TABLE hidden.staff ADD PRIMARY KEY (id, valid_range WITHOUT OVERLAPS);
TABLE sql_saga.era;
 table_schema | table_name | era_name | range_column_name | valid_from_column_name | valid_until_column_name | range_type | multirange_type | range_subtype | range_subtype_category | bounds_check_constraint | boundary_check_constraint | valid_to_column_name | trigger_applies_defaults |      sync_temporal_trg_name       |    sync_temporal_trg_function_name    | audit_schema_name | audit_table_name | ephemeral_columns 
--------------+------------+----------+-------------------+------------------------+-------------------------+------------+-----------------+---------------+------------------------+-------------------------+---------------------------+----------------------+--------------------------+-----------------------------------+---------------------------------------+-------------------+------------------+-------------------
 exposed      | employees  | valid    | valid_range       | valid_from             | valid_until             | daterange  | datemultirange  | date          | D                      | employees_valid_check   | employees_check           | valid_to             | t                        | employees_valid_sync_temporal_trg | exposed_employees_valid_template_sync |                   |                  | 
 hidden       | staff      | valid    | valid_range       | valid_from             | valid_until             | daterange  | datemultirange  | date          | D                      | staff_valid_check       | staff_check               | valid_to             | t                        | staff_valid_sync_temporal_trg     | hidden_staff_valid_template_sync      |                   |                  | 
(2 rows)

SELECT sql_saga.add_unique_key('exposed.employees', ARRAY['id'], 'valid', key_type => 'natural');
NOTICE:  sql_saga: Added constraints to table exposed.employees: ADD CONSTRAINT employees_id_valid_uniq UNIQUE (id, valid_range WITHOUT OVERLAPS)
   add_unique_key   
--------------------
 employees_id_valid
(1 row)

SELECT sql_saga.add_unique_key('hidden.staff', ARRAY['id'], 'valid', key_type => 'natural');
NOTICE:  sql_saga: Added constraints to table hidden.staff: ADD CONSTRAINT staff_id_valid_uniq UNIQUE (id, valid_range WITHOUT OVERLAPS)
 add_unique_key 
----------------
 staff_id_valid
(1 row)

TABLE sql_saga.unique_keys;
  unique_key_name   | table_schema | table_name | key_type | column_names | era_name |    unique_constraint    | exclude_constraint | check_constraint | predicate | mutually_exclusive_columns | pk_consistency_constraint_names 
--------------------+--------------+------------+----------+--------------+----------+-------------------------+--------------------+------------------+-----------+----------------------------+---------------------------------
 employees_id_valid | exposed      | employees  | natural  | {id}         | valid    | employees_id_valid_uniq |                    |                  |           |                            | {}
 staff_id_valid     | hidden       | staff      | natural  | {id}         | valid    | staff_id_valid_uniq     |                    |                  |           |                            | {}
(2 rows)

SELECT sql_saga.add_temporal_foreign_key('hidden.staff', ARRAY['employee_id'], 'valid', 'employees_id_valid');
NOTICE:  sql_saga: No compatible index found for foreign key on table hidden.staff. Creating new index: CREATE INDEX staff_employee_id_valid_gist_idx ON hidden.staff USING GIST (employee_id, valid_range)
 add_temporal_foreign_key 
--------------------------
 staff_employee_id_valid
(1 row)

TABLE sql_saga.foreign_keys;
    foreign_key_name     |         type         | table_schema | table_name | column_names  | fk_era_name |                      fk_table_columns_snapshot                      |  unique_key_name   | match_type | update_action | delete_action | fk_check_constraint | fk_helper_function | uk_update_trigger | uk_delete_trigger |          fk_index_name           
-------------------------+----------------------+--------------+------------+---------------+-------------+---------------------------------------------------------------------+--------------------+------------+---------------+---------------+---------------------+--------------------+-------------------+-------------------+----------------------------------
 staff_employee_id_valid | temporal_to_temporal | hidden       | staff      | {employee_id} | valid       | {id,valid_range,valid_from,valid_to,valid_until,salary,employee_id} | employees_id_valid | SIMPLE     | NO ACTION     | NO ACTION     |                     |                    |                   |                   | staff_employee_id_valid_gist_idx
(1 row)

-- While sql_saga is active
\d exposed.employees
                    Table "exposed.employees"
   Column    |       Type        | Collation | Nullable | Default 
-------------+-------------------+-----------+----------+---------
 id          | integer           |           | not null | 
 valid_range | daterange         |           | not null | 
 valid_from  | date              |           | not null | 
 valid_to    | date              |           |          | 
 valid_until | date              |           |          | 
 name        | character varying |           | not null | 
 role        | character varying |           | not null | 
Indexes:
    "employees_pkey" PRIMARY KEY (id, valid_range WITHOUT OVERLAPS)
    "employees_id_idx" btree (id)
    "employees_id_valid_range_idx" btree (id, valid_range)
    "employees_id_valid_uniq" UNIQUE (id, valid_range WITHOUT OVERLAPS)
    "employees_valid_range_gist_idx" gist (valid_range) WITH (fillfactor='90')
Check constraints:
    "employees_check" CHECK (valid_from < valid_until AND valid_from > '-infinity'::date)
    "employees_valid_check" CHECK (NOT isempty(valid_range))
Referenced by:
    TABLE "hidden.staff" CONSTRAINT "staff_employee_id_valid" FOREIGN KEY (employee_id, PERIOD valid_range) REFERENCES exposed.employees(id, PERIOD valid_range) DEFERRABLE
Triggers:
    employees_valid_sync_temporal_trg BEFORE INSERT OR UPDATE OF valid_range, valid_to, valid_from, valid_until ON exposed.employees FOR EACH ROW EXECUTE FUNCTION sql_saga.exposed_employees_valid_template_sync()

\d hidden.staff
                      Table "hidden.staff"
   Column    |       Type       | Collation | Nullable | Default 
-------------+------------------+-----------+----------+---------
 id          | integer          |           | not null | 
 valid_range | daterange        |           | not null | 
 valid_from  | date             |           | not null | 
 valid_to    | date             |           |          | 
 valid_until | date             |           |          | 
 salary      | double precision |           |          | 
 employee_id | integer          |           |          | 
Indexes:
    "staff_pkey" PRIMARY KEY (id, valid_range WITHOUT OVERLAPS)
    "staff_employee_id_valid_gist_idx" gist (employee_id, valid_range)
    "staff_id_idx" btree (id)
    "staff_id_valid_range_idx" btree (id, valid_range)
    "staff_id_valid_uniq" UNIQUE (id, valid_range WITHOUT OVERLAPS)
    "staff_valid_range_gist_idx" gist (valid_range) WITH (fillfactor='90')
Check constraints:
    "staff_check" CHECK (valid_from < valid_until AND valid_from > '-infinity'::date)
    "staff_valid_check" CHECK (NOT isempty(valid_range))
Foreign-key constraints:
    "staff_employee_id_valid" FOREIGN KEY (employee_id, PERIOD valid_range) REFERENCES exposed.employees(id, PERIOD valid_range) DEFERRABLE
Triggers:
    staff_valid_sync_temporal_trg BEFORE INSERT OR UPDATE OF valid_range, valid_to, valid_from, valid_until ON hidden.staff FOR EACH ROW EXECUTE FUNCTION sql_saga.hidden_staff_valid_template_sync()

-- Test data.
-- We only insert valid_from and valid_to, the trigger will set valid_after.
INSERT INTO exposed.employees (id, valid_from, valid_to, name, role) VALUES
(101, '2022-01-01', '2022-06-30', 'Alice Johnson', 'Junior Manager'),
(101, '2022-07-01', '2023-12-31', 'Alice Johnson', 'Senior Manager'),
(102, '2022-01-01', '2022-08-31', 'Bob Smith', 'Junior Engineer'),
(102, '2022-09-01', '2023-12-31', 'Bob Smith', 'Senior Engineer'),
(103, '2022-01-01', '2022-12-31', 'Charlie Brown', 'Designer'),
(104, '2022-01-01', '2022-05-31', 'Diana Prince', 'Junior Analyst'),
(104, '2022-06-01', '2023-12-31', 'Diana Prince', 'Senior Analyst');
INSERT INTO hidden.staff (id, valid_from, valid_to, employee_id, salary) VALUES
(201, '2022-01-01', '2022-07-31',101 , 50000.00),
(201, '2022-08-01', '2023-12-31',101 , 60000.00), -- Salary increase in August, a month after role change in July
(202, '2022-01-01', '2022-09-30',102 , 55000.00),
(202, '2022-10-01', '2023-12-31',102 , 70000.00), -- Salary increase in October, a month after role change in September
(203, '2022-01-01', '2022-12-31',103 , 48000.00),
(204, '2022-01-01', '2022-06-30',104 , 45000.00),
(204, '2022-07-01', '2023-12-31',104 , 55000.00); -- Salary increase in July, a month after role change in June
-- Fail
SAVEPOINT expect_delete_fail;
DELETE FROM exposed.employees WHERE id = 101;
ERROR:  update or delete on table "employees" violates foreign key constraint "staff_employee_id_valid" on table "staff"
DETAIL:  Key (id, valid_range)=(101, [2022-01-01,2022-07-01)) is still referenced from table "staff".
ROLLBACK TO SAVEPOINT expect_delete_fail;
-- Success
DELETE FROM hidden.staff WHERE employee_id = 101;
DELETE FROM exposed.employees WHERE id = 101;
-- Fail
SAVEPOINT expect_update_fail;
UPDATE hidden.staff SET valid_until = 'infinity' WHERE employee_id = 103;
ERROR:  insert or update on table "staff" violates foreign key constraint "staff_employee_id_valid"
DETAIL:  Key (employee_id, valid_range)=(103, [2022-01-01,infinity)) is not present in table "employees".
ROLLBACK TO SAVEPOINT expect_update_fail;
-- Regression test: This should fail, same as the test above it.
SAVEPOINT regression;
UPDATE hidden.staff SET valid_to = 'infinity' WHERE employee_id = 103;
ERROR:  insert or update on table "staff" violates foreign key constraint "staff_employee_id_valid"
DETAIL:  Key (employee_id, valid_range)=(103, [2022-01-01,infinity)) is not present in table "employees".
ROLLBACK TO SAVEPOINT regression;
-- Success
UPDATE exposed.employees SET valid_to = 'infinity' WHERE id = 103;
UPDATE hidden.staff SET valid_to = 'infinity' WHERE employee_id = 103;
-- Teardown
SELECT sql_saga.drop_foreign_key('hidden.staff', ARRAY['employee_id'], 'valid');
NOTICE:  sql_saga: Dropping automatically created index "staff_employee_id_valid_gist_idx" for foreign key "staff_employee_id_valid"
 drop_foreign_key 
------------------
 
(1 row)

TABLE sql_saga.foreign_keys;
 foreign_key_name | type | table_schema | table_name | column_names | fk_era_name | fk_table_columns_snapshot | unique_key_name | match_type | update_action | delete_action | fk_check_constraint | fk_helper_function | uk_update_trigger | uk_delete_trigger | fk_index_name 
------------------+------+--------------+------------+--------------+-------------+---------------------------+-----------------+------------+---------------+---------------+---------------------+--------------------+-------------------+-------------------+---------------
(0 rows)

SELECT sql_saga.drop_unique_key('exposed.employees', ARRAY['id'], 'valid');
 drop_unique_key 
-----------------
 
(1 row)

SELECT sql_saga.drop_unique_key('hidden.staff',ARRAY['id'], 'valid');
 drop_unique_key 
-----------------
 
(1 row)

TABLE sql_saga.unique_keys;
 unique_key_name | table_schema | table_name | key_type | column_names | era_name | unique_constraint | exclude_constraint | check_constraint | predicate | mutually_exclusive_columns | pk_consistency_constraint_names 
-----------------+--------------+------------+----------+--------------+----------+-------------------+--------------------+------------------+-----------+----------------------------+---------------------------------
(0 rows)

SELECT sql_saga.drop_era('exposed.employees');
 drop_era 
----------
 t
(1 row)

SELECT sql_saga.drop_era('hidden.staff');
 drop_era 
----------
 t
(1 row)

TABLE sql_saga.era;
 table_schema | table_name | era_name | range_column_name | valid_from_column_name | valid_until_column_name | range_type | multirange_type | range_subtype | range_subtype_category | bounds_check_constraint | boundary_check_constraint | valid_to_column_name | trigger_applies_defaults | sync_temporal_trg_name | sync_temporal_trg_function_name | audit_schema_name | audit_table_name | ephemeral_columns 
--------------+------------+----------+-------------------+------------------------+-------------------------+------------+-----------------+---------------+------------------------+-------------------------+---------------------------+----------------------+--------------------------+------------------------+---------------------------------+-------------------+------------------+-------------------
(0 rows)

-- After removing sql_saga, it should be as before.
\d exposed.employees
                    Table "exposed.employees"
   Column    |       Type        | Collation | Nullable | Default 
-------------+-------------------+-----------+----------+---------
 id          | integer           |           | not null | 
 valid_range | daterange         |           | not null | 
 valid_from  | date              |           | not null | 
 valid_to    | date              |           |          | 
 valid_until | date              |           |          | 
 name        | character varying |           | not null | 
 role        | character varying |           | not null | 
Indexes:
    "employees_pkey" PRIMARY KEY (id, valid_range WITHOUT OVERLAPS)
    "employees_id_idx" btree (id)
    "employees_id_valid_range_idx" btree (id, valid_range)
    "employees_valid_range_gist_idx" gist (valid_range) WITH (fillfactor='90')

\d hidden.staff
                      Table "hidden.staff"
   Column    |       Type       | Collation | Nullable | Default 
-------------+------------------+-----------+----------+---------
 id          | integer          |           | not null | 
 valid_range | daterange        |           | not null | 
 valid_from  | date             |           | not null | 
 valid_to    | date             |           |          | 
 valid_until | date             |           |          | 
 salary      | double precision |           |          | 
 employee_id | integer          |           |          | 
Indexes:
    "staff_pkey" PRIMARY KEY (id, valid_range WITHOUT OVERLAPS)
    "staff_id_idx" btree (id)
    "staff_id_valid_range_idx" btree (id, valid_range)
    "staff_valid_range_gist_idx" gist (valid_range) WITH (fillfactor='90')

ROLLBACK;
\i sql/include/test_teardown.sql
--
-- test_teardown.sql
--
-- Common teardown for regression tests. This script drops the unprivileged
-- user role created by test_setup.sql.
--
-- It is important to reset the role first, in case a test fails and
-- leaves the session role set to the user that is about to be dropped.
RESET ROLE;
-- Drop the extensions to ensure a clean state for the next test.
-- Use CASCADE to remove any dependent objects created by sql_saga.
DROP EXTENSION IF EXISTS sql_saga CASCADE;
DROP EXTENSION IF EXISTS btree_gist CASCADE;
-- Revoke any privileges held by the test user and drop any objects they own.
-- This is necessary before the role can be dropped.
DROP OWNED BY sql_saga_unprivileged_user;
DROP ROLE IF EXISTS sql_saga_unprivileged_user;
