\i sql/include/test_setup.sql
--
-- test_setup.sql
--
-- Common setup for regression tests that need to be self-contained.
-- This script creates the extension, a user role, and grants permissions.
--
SET datestyle = 'ISO, YMD';
CREATE EXTENSION IF NOT EXISTS btree_gist;
CREATE EXTENSION IF NOT EXISTS sql_saga CASCADE;
DO $$
BEGIN
    CREATE ROLE sql_saga_unprivileged_user;
EXCEPTION WHEN duplicate_object THEN
END
$$;
GRANT USAGE ON SCHEMA sql_saga TO sql_saga_unprivileged_user;
GRANT SELECT ON ALL TABLES IN SCHEMA sql_saga TO sql_saga_unprivileged_user;
GRANT EXECUTE ON ALL FUNCTIONS IN SCHEMA sql_saga TO sql_saga_unprivileged_user;
/*
 * Allow the unprivileged user to create tables in the public schema.
 * This is required for tests that create their own tables.
 * PG 15+ restricts this by default.
 */
GRANT CREATE ON SCHEMA public TO PUBLIC;
BEGIN;
-- Replicate the scenario from statbus: a target table with a SERIAL PK
CREATE TABLE target_units (
    id SERIAL NOT NULL,
    unit_ident TEXT NOT NULL,
    name TEXT,
    valid_range daterange NOT NULL,
    valid_from DATE,
    valid_until DATE
);
SELECT sql_saga.add_era('target_units', 'valid_range', 'valid',
    valid_from_column_name => 'valid_from',
    valid_until_column_name => 'valid_until');
NOTICE:  sql_saga: Created trigger "target_units_synchronize_temporal_columns_trigger" on table target_units to synchronize columns: valid_from, valid_until
 add_era 
---------
 t
(1 row)

-- Note: key_type=>'primary' adds a temporal PRIMARY KEY (id, valid_range WITHOUT OVERLAPS).
ALTER TABLE target_units ADD PRIMARY KEY (id, valid_range WITHOUT OVERLAPS);
SELECT sql_saga.add_unique_key('target_units', ARRAY['id'], 'valid', key_type => 'primary');
NOTICE:  sql_saga: altering table public.target_units to add constraints: ALTER COLUMN id SET NOT NULL
    add_unique_key     
-----------------------
 target_units_id_valid
(1 row)

SELECT sql_saga.add_unique_key('target_units', ARRAY['unit_ident'], 'valid', key_type => 'natural');
NOTICE:  sql_saga: altering table public.target_units to add constraints: ADD CONSTRAINT target_units_unit_ident_valid_uniq UNIQUE (unit_ident, valid_range WITHOUT OVERLAPS), ADD CONSTRAINT target_units_unit_ident_valid_pk_consistency_excl EXCLUDE USING gist (unit_ident WITH =, id WITH <>)
        add_unique_key         
-------------------------------
 target_units_unit_ident_valid
(1 row)

INSERT INTO target_units (id, unit_ident, name, valid_from, valid_until) VALUES
(1, 'U1', 'Existing Unit', '2023-01-01', 'infinity');
-- To ensure the test is robust, we manually advance the sequence after an explicit ID insert.
-- This simulates a correctly managed serial column.
SELECT setval(pg_get_serial_sequence('target_units', 'id'), (SELECT max(id) FROM target_units));
 setval 
--------
      1
(1 row)

-- Source table with a new unit (id is NULL)
CREATE TABLE source_units (
    row_id INT,
    founding_row_id INT,
    id INT, -- This is the stable PK. Must match target.
    unit_ident TEXT,
    name TEXT,
    valid_from DATE,
    valid_until DATE
);
INSERT INTO source_units (row_id, founding_row_id, id, unit_ident, name, valid_from, valid_until) VALUES
(1, 1, NULL, 'U2', 'New Unit', '2024-01-01', 'infinity');
\echo '## Initial state of target table'
## Initial state of target table
TABLE target_units;
 id | unit_ident |     name      |      valid_range      | valid_from | valid_until 
----+------------+---------------+-----------------------+------------+-------------
  1 | U1         | Existing Unit | [2023-01-01,infinity) | 2023-01-01 | infinity
(1 row)

CALL sql_saga.temporal_merge(
    target_table => 'target_units',
    source_table => 'source_units',
    primary_identity_columns => NULL, -- Discover based on sql_saga setup.
    natural_identity_columns => NULL, -- Discover based on sql_saga setup.
    row_id_column => 'row_id',
    founding_id_column => 'founding_row_id',
    update_source_with_identity => true,
    mode => 'MERGE_ENTITY_UPSERT'
);
\echo '## State of target table after merge'
## State of target table after merge
TABLE target_units ORDER BY id, valid_from;
 id | unit_ident |     name      |      valid_range      | valid_from | valid_until 
----+------------+---------------+-----------------------+------------+-------------
  1 | U1         | Existing Unit | [2023-01-01,infinity) | 2023-01-01 | infinity
  2 | U2         | New Unit      | [2024-01-01,infinity) | 2024-01-01 | infinity
(2 rows)

\echo '## State of source table after identity back-fill'
## State of source table after identity back-fill
TABLE source_units ORDER BY row_id;
 row_id | founding_row_id | id | unit_ident |   name   | valid_from | valid_until 
--------+-----------------+----+------------+----------+------------+-------------
      1 |               1 |  2 | U2         | New Unit | 2024-01-01 | infinity
(1 row)

ROLLBACK;
\i sql/include/test_teardown.sql
--
-- test_teardown.sql
--
-- Common teardown for regression tests. This script drops the unprivileged
-- user role created by test_setup.sql.
--
-- It is important to reset the role first, in case a test fails and
-- leaves the session role set to the user that is about to be dropped.
RESET ROLE;
-- Drop the extensions to ensure a clean state for the next test.
-- Use CASCADE to remove any dependent objects created by sql_saga.
DROP EXTENSION IF EXISTS sql_saga CASCADE;
DROP EXTENSION IF EXISTS btree_gist CASCADE;
-- Revoke any privileges held by the test user and drop any objects they own.
-- This is necessary before the role can be dropped.
DROP OWNED BY sql_saga_unprivileged_user;
DROP ROLE IF EXISTS sql_saga_unprivileged_user;
